1765940887441	geckodriver	INFO	Listening on 127.0.0.1:45423
1765940887542	mozrunner::runner	INFO	Running command: MOZ_CRASHREPORTER="1" MOZ_CRASHREPORTER_NO_REPORT="1" MOZ_CRASHREPORTER_SHUTDOWN="1" "/usr/bin/firefox" "--m ... te" "--remote-debugging-port" "57035" "--remote-allow-hosts" "localhost" "-no-remote" "-profile" "/tmp/rust_mozprofilemKpiKL"
console.warn: services.settings: Ignoring preference override of remote settings server
console.warn: services.settings: Allow by setting MOZ_REMOTE_SETTINGS_DEVTOOLS=1 in the environment
1765940888192	Marionette	INFO	Marionette enabled
1765940889201	Marionette	INFO	Listening on port 34197
WebDriver BiDi listening on ws://127.0.0.1:57035
Read port: 34197
[Parent 911, Main Thread] WARNING: Failed to create DBus proxy for org.a11y.Bus: Failed to execute child process “dbus-launch” (No such file or directory)
: 'glib warning', file /build/firefox-I6agFH/firefox-146.0+build1/toolkit/xre/nsSigHandlers.cpp:201

** (firefox:911): WARNING **: 03:08:09.288: Failed to create DBus proxy for org.a11y.Bus: Failed to execute child process “dbus-launch” (No such file or directory)

1765940889328	RemoteAgent	WARN	TLS certificate errors will be ignored for this session
1765940894675	Marionette	WARN	Ignoring event 'DOMContentLoaded' because document has an invalid readyState of 'complete'.
console.error: (new TypeError("can't access property \"find\", this._searchProviderInfo is null", "moz-src:///browser/components/search/SearchSERPTelemetry.sys.mjs", 1141))
console.error: (new TypeError("can't access property \"find\", this._searchProviderInfo is null", "moz-src:///browser/components/search/SearchSERPTelemetry.sys.mjs", 1141))
console.warn: BackupService: "There was an error while trying to get the Document's directory" [Exception... "Component returned failure code: 0x80004005 (NS_ERROR_FAILURE) [nsIProperties.get]"  nsresult: "0x80004005 (NS_ERROR_FAILURE)"  location: "JS frame :: resource:///modules/backup/BackupService.sys.mjs :: get docsDirFolderPath :: line 1221"  data: no]
console.warn: BackupService: "There was an error while trying to get the Document's directory" [Exception... "Component returned failure code: 0x80004005 (NS_ERROR_FAILURE) [nsIProperties.get]"  nsresult: "0x80004005 (NS_ERROR_FAILURE)"  location: "JS frame :: resource:///modules/backup/BackupService.sys.mjs :: get docsDirFolderPath :: line 1221"  data: no]
JavaScript error: resource:///modules/backup/BackupService.sys.mjs, line 3716: NotAllowedError: PathUtils.join: PathUtils does not support empty paths
console.warn: LoginRecipes: "Falling back to a synchronous message for: http://192.168.1.1."
1765941040091	Marionette	WARN	Ignoring event 'pageshow' because document has an invalid readyState of 'uninitialized'.
1765941169186	Marionette	INFO	Stopped listening on port 34197
console.error: (new TypeError("NetworkError when attempting to fetch resource.", ""))
console.error: (new Error("OHTTP was configured for https://ads.mozilla.org/v1/delete_user but we couldn't fetch a valid config", "moz-src:///browser/modules/ContextId.sys.mjs", 234))
console.error: "Failed to fetch https://spocs.getpocket.com/user:" "NetworkError when attempting to fetch resource."
console.warn: TopSitesFeed: Failed to fetch data from MARS server: NetworkError when attempting to fetch resource.
JavaScript error: resource://gre/modules/ObliviousHTTP.sys.mjs, line 117: NS_ERROR_XPC_CANT_CONVERT_PRIMITIVE_TO_ARRAY: Cannot convert primitive JavaScript value into an array arg 2 [nsIObliviousHttpService.newChannel]
